
> my-nextjs-app@0.1.0 dev
> next dev

[baseline-browser-mapping] The data in this module is over two months old.  To ensure accurate Baseline data, please update: `npm i baseline-browser-mapping@latest -D`
   ▲ Next.js 16.0.2 (Turbopack)
   - Local:        http://localhost:3000
   - Network:      http://192.168.1.192:3000
   - Environments: .env.local
   - Experiments (use with caution):
     · serverActions

 ✓ Starting...
 ✓ Ready in 416ms
[baseline-browser-mapping] The data in this module is over two months old.  To ensure accurate Baseline data, please update: `npm i baseline-browser-mapping@latest -D`
 GET /sign-in 404 in 1198ms (compile: 1118ms, proxy.ts: 15ms, render: 65ms)
 GET / 200 in 1946ms (compile: 1889ms, proxy.ts: 8ms, render: 48ms)
 GET /bookings 200 in 3.1s (compile: 2.6s, proxy.ts: 64ms, render: 474ms)
Your app (or one of its dependencies) is using an outdated JSX transform. Update to the modern JSX transform for faster performance: https://react.dev/link/new-jsx-transform
 GET /schedule 200 in 3.2s (compile: 2.7s, proxy.ts: 1630µs, render: 477ms)
 GET /sign-in 404 in 35ms (compile: 6ms, proxy.ts: 6ms, render: 23ms)
 GET / 200 in 268ms (compile: 202ms, proxy.ts: 24ms, render: 42ms)
 GET /sign-in 200 in 274ms (compile: 220ms, proxy.ts: 23ms, render: 30ms)
 GET /sign-in 200 in 40ms (compile: 3ms, proxy.ts: 1548µs, render: 36ms)
 GET / 200 in 39ms (compile: 3ms, proxy.ts: 2ms, render: 34ms)
 GET /sign-in 200 in 23ms (compile: 1310µs, proxy.ts: 10ms, render: 11ms)
 GET / 200 in 11ms (compile: 644µs, proxy.ts: 964µs, render: 9ms)
 GET /sign-in 200 in 25ms (compile: 3ms, proxy.ts: 5ms, render: 17ms)
 GET /bookings 200 in 588ms (compile: 119ms, proxy.ts: 13ms, render: 456ms)
 GET / 200 in 12ms (compile: 2ms, proxy.ts: 2ms, render: 8ms)
 GET /bookings 200 in 349ms (compile: 2ms, proxy.ts: 2ms, render: 344ms)
 GET /bookings 200 in 268ms (compile: 2ms, proxy.ts: 1978µs, render: 263ms)
 GET /schedule 200 in 648ms (compile: 187ms, proxy.ts: 22ms, render: 440ms)
 GET /schedule 200 in 405ms (compile: 8ms, proxy.ts: 3ms, render: 395ms)
 GET /schedule 200 in 365ms (compile: 8ms, proxy.ts: 1179µs, render: 356ms)
 GET /sign-in 200 in 60ms (compile: 6ms, proxy.ts: 2ms, render: 52ms)
 GET / 200 in 50ms (compile: 1522µs, proxy.ts: 6ms, render: 42ms)
 GET /sign-in 200 in 65ms (compile: 4ms, proxy.ts: 16ms, render: 46ms)
 GET /sign-in 200 in 44ms (compile: 5ms, proxy.ts: 17ms, render: 23ms)
 GET / 200 in 24ms (compile: 4ms, proxy.ts: 2ms, render: 18ms)
 GET /bookings 200 in 172ms (compile: 12ms, proxy.ts: 2ms, render: 158ms)
 GET /sign-in 200 in 53ms (compile: 1434µs, proxy.ts: 11ms, render: 40ms)
 GET /schedule 200 in 231ms (compile: 1335µs, proxy.ts: 4ms, render: 226ms)
 GET /bookings 200 in 168ms (compile: 4ms, proxy.ts: 4ms, render: 160ms)
 GET / 200 in 27ms (compile: 1798µs, proxy.ts: 2ms, render: 23ms)
 GET /sign-in 200 in 29ms (compile: 12ms, proxy.ts: 2ms, render: 15ms)
 GET /schedule 200 in 266ms (compile: 6ms, proxy.ts: 10ms, render: 251ms)
 GET /sign-in 200 in 56ms (compile: 38ms, proxy.ts: 1693µs, render: 17ms)
 GET / 200 in 42ms (compile: 3ms, proxy.ts: 2ms, render: 37ms)
 GET /sign-in 200 in 41ms (compile: 1438µs, proxy.ts: 26ms, render: 14ms)
 GET /schedule 200 in 238ms (compile: 2ms, proxy.ts: 6ms, render: 229ms)
 GET /bookings 200 in 199ms (compile: 2ms, proxy.ts: 7ms, render: 189ms)
 GET /sign-in 200 in 23ms (compile: 1757µs, proxy.ts: 5ms, render: 17ms)
 GET / 200 in 24ms (compile: 9ms, proxy.ts: 5ms, render: 10ms)
 GET /bookings 200 in 187ms (compile: 17ms, proxy.ts: 1711µs, render: 168ms)
 GET /schedule 200 in 206ms (compile: 1764µs, proxy.ts: 1848µs, render: 202ms)
 GET /sign-in 200 in 18ms (compile: 1016µs, proxy.ts: 1227µs, render: 16ms)
 GET / 200 in 29ms (compile: 1893µs, proxy.ts: 1523µs, render: 26ms)
 GET /bookings 200 in 186ms (compile: 10ms, proxy.ts: 8ms, render: 168ms)
 GET /schedule 200 in 193ms (compile: 1209µs, proxy.ts: 3ms, render: 189ms)
 GET /sign-in 200 in 28ms (compile: 3ms, proxy.ts: 1663µs, render: 24ms)
 GET /bookings 200 in 157ms (compile: 10ms, proxy.ts: 1834µs, render: 145ms)
 GET / 200 in 52ms (compile: 1880µs, proxy.ts: 3ms, render: 47ms)
 GET /schedule 200 in 200ms (compile: 1457µs, proxy.ts: 1928µs, render: 196ms)
 GET /sign-in 200 in 31ms (compile: 5ms, proxy.ts: 7ms, render: 19ms)
 GET / 200 in 25ms (compile: 5ms, proxy.ts: 12ms, render: 9ms)
 GET /bookings 200 in 153ms (compile: 1048µs, proxy.ts: 1190µs, render: 151ms)
 GET /schedule 200 in 222ms (compile: 9ms, proxy.ts: 1334µs, render: 211ms)
 GET /sign-in 200 in 43ms (compile: 18ms, proxy.ts: 3ms, render: 22ms)
 GET / 200 in 11ms (compile: 1636µs, proxy.ts: 1566µs, render: 8ms)
 GET /sign-in 200 in 41ms (compile: 2ms, proxy.ts: 1099µs, render: 37ms)
 GET /bookings 200 in 181ms (compile: 10ms, proxy.ts: 4ms, render: 167ms)
 GET / 200 in 11ms (compile: 1035µs, proxy.ts: 1550µs, render: 8ms)
 GET /schedule 200 in 212ms (compile: 1845µs, proxy.ts: 4ms, render: 207ms)
 GET /bookings 200 in 143ms (compile: 2ms, proxy.ts: 8ms, render: 133ms)
 GET /sign-in 200 in 18ms (compile: 890µs, proxy.ts: 3ms, render: 14ms)
 GET / 200 in 35ms (compile: 27ms, proxy.ts: 1473µs, render: 7ms)
 GET /sign-in 200 in 11ms (compile: 921µs, proxy.ts: 3ms, render: 7ms)
 GET /schedule 200 in 210ms (compile: 10ms, proxy.ts: 3ms, render: 197ms)
 GET /bookings 200 in 147ms (compile: 1511µs, proxy.ts: 8ms, render: 137ms)
 GET / 200 in 31ms (compile: 3ms, proxy.ts: 1885µs, render: 26ms)
 GET /sign-in 200 in 17ms (compile: 1876µs, proxy.ts: 1080µs, render: 14ms)
 GET /schedule 200 in 177ms (compile: 1403µs, proxy.ts: 3ms, render: 173ms)
 GET /bookings 200 in 148ms (compile: 1568µs, proxy.ts: 2ms, render: 144ms)
 GET / 200 in 23ms (compile: 11ms, proxy.ts: 1604µs, render: 11ms)
 GET /sign-in 200 in 23ms (compile: 1120µs, proxy.ts: 15ms, render: 7ms)
 GET /bookings 200 in 144ms (compile: 861µs, proxy.ts: 856µs, render: 142ms)
 GET /schedule 200 in 200ms (compile: 11ms, proxy.ts: 1556µs, render: 188ms)
 GET / 200 in 20ms (compile: 1226µs, proxy.ts: 1365µs, render: 18ms)
 GET /sign-in 200 in 21ms (compile: 7ms, proxy.ts: 1058µs, render: 13ms)
 GET /schedule 200 in 192ms (compile: 7ms, proxy.ts: 2ms, render: 183ms)
 GET /bookings 200 in 141ms (compile: 1391µs, proxy.ts: 3ms, render: 137ms)
 GET /sign-in 200 in 25ms (compile: 2ms, proxy.ts: 1377µs, render: 22ms)
 GET / 200 in 27ms (compile: 10ms, proxy.ts: 1158µs, render: 16ms)
 GET /schedule 200 in 188ms (compile: 1267µs, proxy.ts: 2ms, render: 184ms)
 GET /bookings 200 in 159ms (compile: 1016µs, proxy.ts: 6ms, render: 152ms)
 GET /sign-in 200 in 26ms (compile: 4ms, proxy.ts: 3ms, render: 19ms)
 GET / 200 in 25ms (compile: 13ms, proxy.ts: 2ms, render: 10ms)
 GET /bookings 200 in 172ms (compile: 9ms, proxy.ts: 2ms, render: 160ms)
 GET /schedule 200 in 192ms (compile: 1666µs, proxy.ts: 4ms, render: 186ms)
 GET /sign-in 200 in 18ms (compile: 2ms, proxy.ts: 1635µs, render: 14ms)
 GET / 200 in 29ms (compile: 1057µs, proxy.ts: 2ms, render: 26ms)
 GET /bookings 200 in 152ms (compile: 1489µs, proxy.ts: 1755µs, render: 148ms)
 GET /sign-in 200 in 19ms (compile: 11ms, proxy.ts: 1179µs, render: 7ms)
 GET / 200 in 8ms (compile: 723µs, proxy.ts: 930µs, render: 6ms)
 GET /schedule 200 in 219ms (compile: 10ms, proxy.ts: 1481µs, render: 207ms)
 GET /bookings 200 in 167ms (compile: 1657µs, proxy.ts: 3ms, render: 162ms)
 GET /sign-in 200 in 17ms (compile: 2ms, proxy.ts: 1988µs, render: 13ms)
 GET / 200 in 21ms (compile: 13ms, proxy.ts: 1204µs, render: 7ms)
 GET /schedule 200 in 222ms (compile: 11ms, proxy.ts: 2ms, render: 208ms)
 GET /bookings 200 in 195ms (compile: 8ms, proxy.ts: 1158µs, render: 186ms)
 GET /sign-in 200 in 26ms (compile: 3ms, proxy.ts: 5ms, render: 19ms)
 GET /schedule 200 in 204ms (compile: 1215µs, proxy.ts: 3ms, render: 200ms)
 GET / 200 in 37ms (compile: 1398µs, proxy.ts: 3ms, render: 32ms)
 GET /bookings 200 in 174ms (compile: 4ms, proxy.ts: 3ms, render: 166ms)
 GET /sign-in 200 in 34ms (compile: 10ms, proxy.ts: 4ms, render: 21ms)
 GET / 200 in 43ms (compile: 23ms, proxy.ts: 4ms, render: 16ms)
 GET /schedule 200 in 189ms (compile: 1417µs, proxy.ts: 1649µs, render: 186ms)
 GET /bookings 200 in 163ms (compile: 4ms, proxy.ts: 3ms, render: 156ms)
 GET /sign-in 200 in 37ms (compile: 2ms, proxy.ts: 10ms, render: 25ms)
 GET / 200 in 70ms (compile: 17ms, proxy.ts: 32ms, render: 20ms)
 GET /sign-in 200 in 43ms (compile: 3ms, proxy.ts: 27ms, render: 13ms)
 GET /bookings 200 in 183ms (compile: 5ms, proxy.ts: 3ms, render: 175ms)
 GET /schedule 200 in 222ms (compile: 7ms, proxy.ts: 8ms, render: 207ms)
 GET /sign-in 200 in 47ms (compile: 3ms, proxy.ts: 11ms, render: 33ms)
 GET / 200 in 38ms (compile: 6ms, proxy.ts: 16ms, render: 15ms)
 GET /sign-in 200 in 13ms (compile: 2ms, proxy.ts: 1154µs, render: 10ms)
 GET /schedule 200 in 234ms (compile: 1281µs, proxy.ts: 7ms, render: 226ms)
 GET /bookings 200 in 201ms (compile: 9ms, proxy.ts: 5ms, render: 187ms)
 GET / 200 in 22ms (compile: 1793µs, proxy.ts: 1878µs, render: 19ms)
 GET /sign-in 200 in 22ms (compile: 6ms, proxy.ts: 1063µs, render: 15ms)
 GET /bookings 200 in 175ms (compile: 2ms, proxy.ts: 4ms, render: 169ms)
 GET /schedule 200 in 226ms (compile: 1556µs, proxy.ts: 13ms, render: 212ms)
 GET /sign-in 200 in 22ms (compile: 1612µs, proxy.ts: 1158µs, render: 19ms)
 GET /bookings 200 in 180ms (compile: 1016µs, proxy.ts: 1025µs, render: 178ms)
 GET / 200 in 44ms (compile: 2ms, proxy.ts: 5ms, render: 37ms)
 GET /schedule 200 in 196ms (compile: 1732µs, proxy.ts: 1252µs, render: 193ms)
 GET /bookings 200 in 154ms (compile: 17ms, proxy.ts: 3ms, render: 134ms)
 GET /sign-in 200 in 33ms (compile: 8ms, proxy.ts: 2ms, render: 23ms)
 GET / 200 in 34ms (compile: 17ms, proxy.ts: 2ms, render: 14ms)
 GET /schedule 200 in 196ms (compile: 4ms, proxy.ts: 1448µs, render: 190ms)
 GET /sign-in 200 in 38ms (compile: 4ms, proxy.ts: 13ms, render: 21ms)
 GET / 200 in 25ms (compile: 1075µs, proxy.ts: 2ms, render: 21ms)
 GET /sign-in 200 in 26ms (compile: 10ms, proxy.ts: 1219µs, render: 15ms)
 GET /bookings 200 in 157ms (compile: 2ms, proxy.ts: 2ms, render: 153ms)
 GET /sign-in 200 in 27ms (compile: 4ms, proxy.ts: 1044µs, render: 22ms)
 GET /schedule 200 in 227ms (compile: 12ms, proxy.ts: 14ms, render: 201ms)
 GET /bookings 200 in 170ms (compile: 7ms, proxy.ts: 14ms, render: 149ms)
 GET / 200 in 29ms (compile: 1358µs, proxy.ts: 2ms, render: 26ms)
 GET /schedule 200 in 208ms (compile: 4ms, proxy.ts: 3ms, render: 202ms)
 GET /sign-in 200 in 16ms (compile: 1311µs, proxy.ts: 3ms, render: 12ms)
 GET / 200 in 24ms (compile: 3ms, proxy.ts: 2ms, render: 19ms)
 GET /bookings 200 in 167ms (compile: 8ms, proxy.ts: 9ms, render: 150ms)
 GET /sign-in 200 in 12ms (compile: 3ms, proxy.ts: 2ms, render: 6ms)
 GET /schedule 200 in 207ms (compile: 1428µs, proxy.ts: 2ms, render: 204ms)
 GET / 200 in 17ms (compile: 1129µs, proxy.ts: 996µs, render: 15ms)
 GET /sign-in 200 in 36ms (compile: 9ms, proxy.ts: 9ms, render: 18ms)
 GET /bookings 200 in 164ms (compile: 10ms, proxy.ts: 2ms, render: 152ms)
 GET / 200 in 9ms (compile: 1533µs, proxy.ts: 1104µs, render: 6ms)
 GET /schedule 200 in 204ms (compile: 2ms, proxy.ts: 7ms, render: 195ms)
 GET /sign-in 200 in 14ms (compile: 902µs, proxy.ts: 2ms, render: 10ms)
 GET /bookings 200 in 158ms (compile: 1861µs, proxy.ts: 1220µs, render: 155ms)
 GET /schedule 200 in 180ms (compile: 1112µs, proxy.ts: 1021µs, render: 178ms)
 GET / 200 in 25ms (compile: 2ms, proxy.ts: 1864µs, render: 21ms)
 GET /sign-in 200 in 29ms (compile: 812µs, proxy.ts: 1064µs, render: 27ms)
 GET /schedule 200 in 187ms (compile: 1604µs, proxy.ts: 4ms, render: 181ms)
 GET /bookings 200 in 147ms (compile: 4ms, proxy.ts: 1101µs, render: 143ms)
 GET / 200 in 33ms (compile: 1304µs, proxy.ts: 2ms, render: 29ms)
 GET /sign-in 200 in 33ms (compile: 7ms, proxy.ts: 10ms, render: 16ms)
 GET /bookings 200 in 164ms (compile: 1388µs, proxy.ts: 10ms, render: 153ms)
 GET /schedule 200 in 175ms (compile: 1837µs, proxy.ts: 1485µs, render: 171ms)
 GET /sign-in 200 in 16ms (compile: 1181µs, proxy.ts: 1413µs, render: 14ms)
 GET / 200 in 19ms (compile: 8ms, proxy.ts: 1423µs, render: 9ms)
 GET /bookings 200 in 145ms (compile: 946µs, proxy.ts: 1201µs, render: 143ms)
 GET /sign-in 200 in 8ms (compile: 781µs, proxy.ts: 950µs, render: 6ms)
 GET / 200 in 19ms (compile: 1020µs, proxy.ts: 2ms, render: 16ms)
 GET /schedule 200 in 205ms (compile: 1529µs, proxy.ts: 1244µs, render: 202ms)
 GET /bookings 200 in 153ms (compile: 7ms, proxy.ts: 9ms, render: 138ms)
 GET /sign-in 200 in 10ms (compile: 1701µs, proxy.ts: 1179µs, render: 7ms)
 GET / 200 in 15ms (compile: 916µs, proxy.ts: 5ms, render: 10ms)
 GET /schedule 200 in 187ms (compile: 1239µs, proxy.ts: 2ms, render: 184ms)
 GET /bookings 200 in 156ms (compile: 11ms, proxy.ts: 1484µs, render: 144ms)
 GET /schedule 200 in 174ms (compile: 3ms, proxy.ts: 1379µs, render: 170ms)
 GET /sign-in 200 in 18ms (compile: 886µs, proxy.ts: 1532µs, render: 16ms)
 GET / 200 in 23ms (compile: 1553µs, proxy.ts: 2ms, render: 19ms)
 GET /bookings 200 in 133ms (compile: 908µs, proxy.ts: 1310µs, render: 131ms)
 GET /sign-in 200 in 11ms (compile: 1160µs, proxy.ts: 1169µs, render: 8ms)
 GET /schedule 200 in 189ms (compile: 1064µs, proxy.ts: 1201µs, render: 186ms)
 GET / 200 in 42ms (compile: 1982µs, proxy.ts: 6ms, render: 35ms)
 GET /bookings 200 in 156ms (compile: 15ms, proxy.ts: 1314µs, render: 140ms)
 GET /sign-in 200 in 34ms (compile: 4ms, proxy.ts: 5ms, render: 24ms)
 GET /schedule 200 in 196ms (compile: 1308µs, proxy.ts: 2ms, render: 193ms)
 GET /bookings 200 in 144ms (compile: 2ms, proxy.ts: 3ms, render: 138ms)
 GET /sign-in 200 in 13ms (compile: 1939µs, proxy.ts: 970µs, render: 10ms)
 GET /schedule 200 in 195ms (compile: 3ms, proxy.ts: 6ms, render: 186ms)
 GET /sign-in 200 in 31ms (compile: 16ms, proxy.ts: 1233µs, render: 13ms)
 GET /sign-in 200 in 16ms (compile: 3ms, proxy.ts: 1687µs, render: 11ms)
 GET /sign-in 200 in 22ms (compile: 7ms, proxy.ts: 906µs, render: 14ms)
 GET /schedule 200 in 191ms (compile: 4ms, proxy.ts: 3ms, render: 185ms)
 GET /bookings 200 in 154ms (compile: 3ms, proxy.ts: 13ms, render: 138ms)
 GET /sign-in 200 in 29ms (compile: 2ms, proxy.ts: 5ms, render: 22ms)
 GET /sign-in 200 in 35ms (compile: 2ms, proxy.ts: 4ms, render: 29ms)
 GET /sign-in 200 in 17ms (compile: 1434µs, proxy.ts: 2ms, render: 13ms)
 GET /sign-in 200 in 20ms (compile: 1828µs, proxy.ts: 1171µs, render: 17ms)
 GET /schedule 200 in 179ms (compile: 2ms, proxy.ts: 2ms, render: 175ms)
 GET /sign-in 200 in 21ms (compile: 1258µs, proxy.ts: 1139µs, render: 18ms)
 GET /sign-in 200 in 14ms (compile: 2ms, proxy.ts: 1264µs, render: 11ms)
 GET /schedule 200 in 179ms (compile: 1232µs, proxy.ts: 2ms, render: 175ms)
 GET /sign-in 200 in 22ms (compile: 3ms, proxy.ts: 1383µs, render: 18ms)
 GET /sign-in 200 in 23ms (compile: 1300µs, proxy.ts: 2ms, render: 20ms)
 GET /sign-in 200 in 27ms (compile: 1648µs, proxy.ts: 4ms, render: 22ms)
 GET /sign-in 200 in 27ms (compile: 5ms, proxy.ts: 2ms, render: 20ms)
 GET /sign-in 200 in 20ms (compile: 1457µs, proxy.ts: 1347µs, render: 17ms)
 GET /sign-in 200 in 18ms (compile: 1018µs, proxy.ts: 1079µs, render: 16ms)
 GET /sign-in 200 in 19ms (compile: 2ms, proxy.ts: 1714µs, render: 15ms)
 GET /sign-in 200 in 18ms (compile: 879µs, proxy.ts: 958µs, render: 17ms)
 GET /sign-in 200 in 21ms (compile: 1286µs, proxy.ts: 4ms, render: 16ms)
 GET /sign-in 200 in 19ms (compile: 843µs, proxy.ts: 1016µs, render: 17ms)
 GET /sign-in 200 in 20ms (compile: 1010µs, proxy.ts: 2ms, render: 17ms)
 GET /sign-in 200 in 20ms (compile: 1246µs, proxy.ts: 1063µs, render: 17ms)
 GET /sign-in 200 in 24ms (compile: 989µs, proxy.ts: 1561µs, render: 22ms)
 GET /sign-in 200 in 27ms (compile: 950µs, proxy.ts: 4ms, render: 22ms)
 GET /sign-in 200 in 21ms (compile: 1651µs, proxy.ts: 4ms, render: 16ms)
 GET /sign-in 200 in 19ms (compile: 1031µs, proxy.ts: 1058µs, render: 17ms)
 GET /sign-in 200 in 22ms (compile: 1013µs, proxy.ts: 1179µs, render: 20ms)
 GET /sign-in 200 in 23ms (compile: 2ms, proxy.ts: 2ms, render: 18ms)
 GET /sign-in 200 in 19ms (compile: 954µs, proxy.ts: 1053µs, render: 17ms)
 GET /sign-in 200 in 18ms (compile: 1212µs, proxy.ts: 1262µs, render: 16ms)
 GET /sign-in 200 in 18ms (compile: 798µs, proxy.ts: 975µs, render: 16ms)
 GET /sign-in 200 in 19ms (compile: 1067µs, proxy.ts: 1901µs, render: 16ms)
 GET /sign-in 200 in 11ms (compile: 859µs, proxy.ts: 1029µs, render: 9ms)
 GET /sign-in 200 in 70ms (compile: 3ms, proxy.ts: 1757µs, render: 65ms)
[2m2025-11-30T08:37:43.141Z[0m [31mERROR[0m [1m[Better Auth]:[0m Invalid password
 POST /api/auth/sign-in/email 401 in 2.4s (compile: 1387ms, proxy.ts: 6ms, render: 1028ms)
(node:5213) TimeoutNegativeWarning: -33292.69226558601 is a negative number.
Timeout duration was set to 1.
(Use `node --trace-warnings ...` to show where the warning was created)
 GET /schedule 200 in 410ms (compile: 4ms, proxy.ts: 5ms, render: 402ms)
 POST /schedule 200 in 274ms (compile: 7ms, proxy.ts: 4ms, render: 263ms)
 GET /bookings 200 in 324ms (compile: 7ms, proxy.ts: 1975µs, render: 315ms)
 ✓ Compiled in 77ms
 GET / 200 in 446ms (compile: 5ms, proxy.ts: 11ms, render: 430ms)
 GET /sign-in 200 in 446ms (compile: 23ms, proxy.ts: 10ms, render: 413ms)
 GET /sign-in 200 in 101ms (compile: 7ms, proxy.ts: 9ms, render: 85ms)
 GET / 200 in 55ms (compile: 32ms, proxy.ts: 6ms, render: 18ms)
 GET /sign-in 200 in 46ms (compile: 4ms, proxy.ts: 10ms, render: 32ms)
 GET /bookings 200 in 778ms (compile: 134ms, proxy.ts: 5ms, render: 640ms)
 GET /sign-in 200 in 29ms (compile: 3ms, proxy.ts: 8ms, render: 18ms)
 GET /bookings 200 in 468ms (compile: 24ms, proxy.ts: 4ms, render: 440ms)
 GET /schedule 200 in 857ms (compile: 325ms, proxy.ts: 5ms, render: 527ms)
 GET /schedule 200 in 466ms (compile: 6ms, proxy.ts: 5ms, render: 455ms)
 GET /bookings 200 in 416ms (compile: 5ms, proxy.ts: 17ms, render: 395ms)
 GET /sign-in 200 in 86ms (compile: 19ms, proxy.ts: 17ms, render: 51ms)
 GET /sign-in 200 in 46ms (compile: 18ms, proxy.ts: 4ms, render: 23ms)
 GET /schedule 200 in 449ms (compile: 2ms, proxy.ts: 1217µs, render: 446ms)
 GET /bookings 200 in 183ms (compile: 5ms, proxy.ts: 8ms, render: 170ms)
 GET /schedule 200 in 201ms (compile: 6ms, proxy.ts: 3ms, render: 191ms)
 ✓ Compiled in 137ms
 GET /coach/sessions 200 in 1811ms (compile: 854ms, proxy.ts: 11ms, render: 946ms)
 GET /coach/sessions 200 in 270ms (compile: 7ms, proxy.ts: 6ms, render: 257ms)
 GET /coach/dashboard 200 in 410ms (compile: 254ms, proxy.ts: 5ms, render: 150ms)
